<?xml version="1.0" encoding="UTF-8"?><testsuite errors="0" failures="0" name="Testing different request on the video games application" skipped="0" tests="5" time="12.83" timestamp="2021-08-03T22:43:05.288+01:00[Europe/London]"><testcase name="Create a videogame and verify if videogame is added"/><testcase name="Getting videogame information by Id"/><testcase name="Update a created videogame &amp; verify if the videogame is updated"/><testcase name="Delete a created videogame &amp; verify the videogame is deleted"/><testcase name="Verify if the video games application can be accessed by users"/></testsuite>